Theorem A (order >= 2  =>  m2 >= n+1), exhaustive n <= 9:
  n=2: 0 order>=2 sequences, all have m2 >= n+1  (none)
  n=3: 0 order>=2 sequences, all have m2 >= n+1  (none)
  n=4: 0 order>=2 sequences, all have m2 >= n+1  (none)
  n=5: 0 order>=2 sequences, all have m2 >= n+1  (none)
  n=6: 3 order>=2 sequences, all have m2 >= n+1  (tightest m2=7=n+1 e.g. (8, 7, 3, 3))
  n=7: 15 order>=2 sequences, all have m2 >= n+1  (tightest m2=8=n+1 e.g. (14, 8, 3, 3))
  n=8: 74 order>=2 sequences, all have m2 >= n+1  (tightest m2=9=n+1 e.g. (17, 9, 4, 4, 2))
  n=9: 347 order>=2 sequences, all have m2 >= n+1  (tightest m2=10=n+1 e.g. (25, 10, 4, 4, 2))
Small orders:
  order 1: (1, 1, 1) at n=2 (forbidden, 2-feasible)
  order 2: (8, 8, 3, 2) at n=6, order=2
Family W_a (odd n = 2a+1, expected order a):
  W(3) at n=7: (14, 8, 3, 2, 1)  order=3 (expected 3)  OK
  W(4) at n=9: (25, 10, 4, 3, 2, 1)  order=4 (expected 4)  OK
  W(5) at n=11: (39, 12, 5, 4, 3, 2, 1)  order=5 (expected 5)  OK
  W(6) at n=13: (56, 14, 6, 5, 4, 3, 2, 1)  order=6 (expected 6)  OK
  W(7) at n=15: (76, 16, 7, 6, 5, 4, 3, 2, 1)  order=7 (expected 7)  OK
  W(8) at n=17: (99, 18, 8, 7, 6, 5, 4, 3, 2, 1)  order=8 (expected 8)  OK
Family V_r (even n = 2r, expected order r-1):
  V(4) at n=8: (16, 10, 4, 3, 2, 1)  order=3 (expected 3)  OK
  V(5) at n=10: (28, 12, 5, 4, 3, 2, 1)  order=4 (expected 4)  OK
  V(6) at n=12: (43, 14, 6, 5, 4, 3, 2, 1)  order=5 (expected 5)  OK
  V(7) at n=14: (61, 16, 7, 6, 5, 4, 3, 2, 1)  order=6 (expected 6)  OK
  V(8) at n=16: (82, 18, 8, 7, 6, 5, 4, 3, 2, 1)  order=7 (expected 7)  OK
Interval extensions (Theorems D and E):
  G_m non-m-realizable for m=16..26 (Theorem D: holds for ALL m)
  G_m simply realizable exactly for m in [16, 17, 18, 19, 20, 21, 22] -- forbidden from 23 on (Theorem E horizon; swap theorem needs m1 >= n+2 > 24)
  order(G_m) = m-5 confirmed for m = 20, 21, 22
Lifting search from the unique order-7 witness at n=12:
  n=12: seed (24, 16, 11, 10, 10, 4, 2, 1) confirmed: order 7
  n=13: 3 order-8 witnesses, e.g. (24, 24, 16, 10, 10, 4, 2, 1)
Capped-frontier lifting (<=150 witnesses/level) to n=31:
  (counts marked '+' are lower bounds; max-order(n) = n-5 is still
   certified at every level -- see lift_search docstring)
  n=13: 3 order-8 witnesses, e.g. (24, 24, 16, 10, 10, 4, 2, 1)
  n=14: 18 order-9 witnesses, e.g. (24, 24, 16, 15, 10, 10, 4, 2)
  n=15: 48 order-10 witnesses, e.g. (24, 24, 16, 16, 16, 10, 10, 4)
  n=16: 24 order-11 witnesses, e.g. (24, 24, 16, 16, 16, 16, 10, 10, 4)
  n=17: 57 order-12 witnesses, e.g. (24, 24, 17, 16, 16, 16, 16, 10, 10, 4)
  n=18: 72 order-13 witnesses, e.g. (42, 28, 28, 16, 16, 16, 10, 10, 4, 1)
  n=19: 153+ order-14 witnesses, e.g. (30, 30, 24, 18, 18, 16, 16, 16, 10, 10, 2)
  n=20: 805+ order-15 witnesses, e.g. (30, 30, 24, 24, 22, 18, 16, 16, 16, 10, 4)
  n=21: 207+ order-16 witnesses, e.g. (71, 38, 24, 24, 16, 16, 16, 10, 10, 4, 2)
  n=22: 248+ order-17 witnesses, e.g. (93, 38, 24, 24, 16, 16, 16, 10, 10, 4, 2)
  n=23: 279+ order-18 witnesses, e.g. (122, 24, 24, 18, 16, 16, 16, 16, 10, 10, 4)
  n=24: 72 order-19 witnesses, e.g. (58, 44, 24, 24, 24, 24, 18, 16, 16, 16, 16, 10, 10)
  n=25: 99 order-20 witnesses, e.g. (89, 38, 24, 24, 24, 24, 18, 16, 16, 16, 16, 10, 10)
  n=26: 300+ order-21 witnesses, e.g. (159, 30, 24, 24, 22, 18, 16, 16, 16, 10, 10, 4, 2)
  n=27: 208+ order-22 witnesses, e.g. (186, 30, 24, 24, 22, 18, 16, 16, 16, 10, 10, 4, 2)
  n=28: 394+ order-23 witnesses, e.g. (214, 30, 24, 24, 22, 18, 16, 16, 16, 10, 10, 4, 2)
  n=29: 295+ order-24 witnesses, e.g. (243, 30, 24, 24, 22, 18, 16, 16, 16, 10, 10, 4, 2)
  n=30: 86 order-25 witnesses, e.g. (241, 33, 25, 24, 24, 24, 24, 16, 16, 15, 10, 10, 2, 1)
  n=31: 224+ order-26 witnesses, e.g. (272, 33, 25, 24, 24, 24, 24, 16, 16, 15, 10, 10, 2, 1)
total 1356.1s
